/home/jetson/yahboomcar_ws/src/yahboom_M3Pro_DepthCam/install/yahboom_M3Pro_DepthCam/lib/python3.10/site-packages/yahboom_M3Pro_DepthCam/GetDepthColor.py
/home/jetson/yahboomcar_ws/src/yahboom_M3Pro_DepthCam/install/yahboom_M3Pro_DepthCam/lib/python3.10/site-packages/yahboom_M3Pro_DepthCam/__init__.py
/home/jetson/yahboomcar_ws/src/yahboom_M3Pro_DepthCam/install/yahboom_M3Pro_DepthCam/lib/python3.10/site-packages/yahboom_M3Pro_DepthCam/Measure_Distance.py
/home/jetson/yahboomcar_ws/src/yahboom_M3Pro_DepthCam/install/yahboom_M3Pro_DepthCam/lib/python3.10/site-packages/yahboom_M3Pro_DepthCam/Edge_Detection.py
/home/jetson/yahboomcar_ws/src/yahboom_M3Pro_DepthCam/install/yahboom_M3Pro_DepthCam/lib/python3.10/site-packages/yahboom_M3Pro_DepthCam/__pycache__/GetDepthColor.cpython-310.pyc
/home/jetson/yahboomcar_ws/src/yahboom_M3Pro_DepthCam/install/yahboom_M3Pro_DepthCam/lib/python3.10/site-packages/yahboom_M3Pro_DepthCam/__pycache__/__init__.cpython-310.pyc
/home/jetson/yahboomcar_ws/src/yahboom_M3Pro_DepthCam/install/yahboom_M3Pro_DepthCam/lib/python3.10/site-packages/yahboom_M3Pro_DepthCam/__pycache__/Measure_Distance.cpython-310.pyc
/home/jetson/yahboomcar_ws/src/yahboom_M3Pro_DepthCam/install/yahboom_M3Pro_DepthCam/lib/python3.10/site-packages/yahboom_M3Pro_DepthCam/__pycache__/Edge_Detection.cpython-310.pyc
/home/jetson/yahboomcar_ws/src/yahboom_M3Pro_DepthCam/install/yahboom_M3Pro_DepthCam/share/ament_index/resource_index/packages/yahboom_M3Pro_DepthCam
/home/jetson/yahboomcar_ws/src/yahboom_M3Pro_DepthCam/install/yahboom_M3Pro_DepthCam/share/yahboom_M3Pro_DepthCam/package.xml
/home/jetson/yahboomcar_ws/src/yahboom_M3Pro_DepthCam/install/yahboom_M3Pro_DepthCam/lib/python3.10/site-packages/yahboom_M3Pro_DepthCam-0.0.0-py3.10.egg-info/top_level.txt
/home/jetson/yahboomcar_ws/src/yahboom_M3Pro_DepthCam/install/yahboom_M3Pro_DepthCam/lib/python3.10/site-packages/yahboom_M3Pro_DepthCam-0.0.0-py3.10.egg-info/entry_points.txt
/home/jetson/yahboomcar_ws/src/yahboom_M3Pro_DepthCam/install/yahboom_M3Pro_DepthCam/lib/python3.10/site-packages/yahboom_M3Pro_DepthCam-0.0.0-py3.10.egg-info/SOURCES.txt
/home/jetson/yahboomcar_ws/src/yahboom_M3Pro_DepthCam/install/yahboom_M3Pro_DepthCam/lib/python3.10/site-packages/yahboom_M3Pro_DepthCam-0.0.0-py3.10.egg-info/requires.txt
/home/jetson/yahboomcar_ws/src/yahboom_M3Pro_DepthCam/install/yahboom_M3Pro_DepthCam/lib/python3.10/site-packages/yahboom_M3Pro_DepthCam-0.0.0-py3.10.egg-info/PKG-INFO
/home/jetson/yahboomcar_ws/src/yahboom_M3Pro_DepthCam/install/yahboom_M3Pro_DepthCam/lib/python3.10/site-packages/yahboom_M3Pro_DepthCam-0.0.0-py3.10.egg-info/zip-safe
/home/jetson/yahboomcar_ws/src/yahboom_M3Pro_DepthCam/install/yahboom_M3Pro_DepthCam/lib/python3.10/site-packages/yahboom_M3Pro_DepthCam-0.0.0-py3.10.egg-info/dependency_links.txt
/home/jetson/yahboomcar_ws/src/yahboom_M3Pro_DepthCam/install/yahboom_M3Pro_DepthCam/lib/yahboom_M3Pro_DepthCam/GetDepthColor
/home/jetson/yahboomcar_ws/src/yahboom_M3Pro_DepthCam/install/yahboom_M3Pro_DepthCam/lib/yahboom_M3Pro_DepthCam/Measure_Distance
/home/jetson/yahboomcar_ws/src/yahboom_M3Pro_DepthCam/install/yahboom_M3Pro_DepthCam/lib/yahboom_M3Pro_DepthCam/edge_detection
