[1.547s] Invoking command in '/home/jetson/yahboomcar_ws/src/yahboom_M3Pro_DepthCam': PYTHONPATH=/home/jetson/yahboomcar_ws/src/yahboom_M3Pro_DepthCam/build/yahboom_M3Pro_DepthCam/prefix_override:/usr/lib/python3/dist-packages/colcon_core/task/python/colcon_distutils_commands:/home/jetson/yahboomcar_ws/src/yahboom_M3Pro_DepthCam/install/yahboom_M3Pro_DepthCam/lib/python3.10/site-packages:${PYTHONPATH} /usr/bin/python3 -W ignore:setup.py install is deprecated -W ignore:easy_install command is deprecated setup.py egg_info --egg-base build/yahboom_M3Pro_DepthCam build --build-base /home/jetson/yahboomcar_ws/src/yahboom_M3Pro_DepthCam/build/yahboom_M3Pro_DepthCam/build install --record /home/jetson/yahboomcar_ws/src/yahboom_M3Pro_DepthCam/build/yahboom_M3Pro_DepthCam/install.log --single-version-externally-managed install_data
[2.133s] running egg_info
[2.134s] creating build/yahboom_M3Pro_DepthCam/yahboom_M3Pro_DepthCam.egg-info
[2.135s] writing build/yahboom_M3Pro_DepthCam/yahboom_M3Pro_DepthCam.egg-info/PKG-INFO
[2.135s] writing dependency_links to build/yahboom_M3Pro_DepthCam/yahboom_M3Pro_DepthCam.egg-info/dependency_links.txt
[2.136s] writing entry points to build/yahboom_M3Pro_DepthCam/yahboom_M3Pro_DepthCam.egg-info/entry_points.txt
[2.136s] writing requirements to build/yahboom_M3Pro_DepthCam/yahboom_M3Pro_DepthCam.egg-info/requires.txt
[2.136s] writing top-level names to build/yahboom_M3Pro_DepthCam/yahboom_M3Pro_DepthCam.egg-info/top_level.txt
[2.136s] writing manifest file 'build/yahboom_M3Pro_DepthCam/yahboom_M3Pro_DepthCam.egg-info/SOURCES.txt'
[2.140s] reading manifest file 'build/yahboom_M3Pro_DepthCam/yahboom_M3Pro_DepthCam.egg-info/SOURCES.txt'
[2.141s] writing manifest file 'build/yahboom_M3Pro_DepthCam/yahboom_M3Pro_DepthCam.egg-info/SOURCES.txt'
[2.142s] running build
[2.142s] running build_py
[2.142s] creating /home/jetson/yahboomcar_ws/src/yahboom_M3Pro_DepthCam/build/yahboom_M3Pro_DepthCam/build
[2.142s] creating /home/jetson/yahboomcar_ws/src/yahboom_M3Pro_DepthCam/build/yahboom_M3Pro_DepthCam/build/lib
[2.142s] creating /home/jetson/yahboomcar_ws/src/yahboom_M3Pro_DepthCam/build/yahboom_M3Pro_DepthCam/build/lib/yahboom_M3Pro_DepthCam
[2.142s] copying yahboom_M3Pro_DepthCam/GetDepthColor.py -> /home/jetson/yahboomcar_ws/src/yahboom_M3Pro_DepthCam/build/yahboom_M3Pro_DepthCam/build/lib/yahboom_M3Pro_DepthCam
[2.143s] copying yahboom_M3Pro_DepthCam/__init__.py -> /home/jetson/yahboomcar_ws/src/yahboom_M3Pro_DepthCam/build/yahboom_M3Pro_DepthCam/build/lib/yahboom_M3Pro_DepthCam
[2.143s] copying yahboom_M3Pro_DepthCam/Measure_Distance.py -> /home/jetson/yahboomcar_ws/src/yahboom_M3Pro_DepthCam/build/yahboom_M3Pro_DepthCam/build/lib/yahboom_M3Pro_DepthCam
[2.143s] copying yahboom_M3Pro_DepthCam/Edge_Detection.py -> /home/jetson/yahboomcar_ws/src/yahboom_M3Pro_DepthCam/build/yahboom_M3Pro_DepthCam/build/lib/yahboom_M3Pro_DepthCam
[2.143s] running install
[2.144s] running install_lib
[2.145s] creating /home/jetson/yahboomcar_ws/src/yahboom_M3Pro_DepthCam/install/yahboom_M3Pro_DepthCam/lib/python3.10/site-packages/yahboom_M3Pro_DepthCam
[2.146s] copying /home/jetson/yahboomcar_ws/src/yahboom_M3Pro_DepthCam/build/yahboom_M3Pro_DepthCam/build/lib/yahboom_M3Pro_DepthCam/GetDepthColor.py -> /home/jetson/yahboomcar_ws/src/yahboom_M3Pro_DepthCam/install/yahboom_M3Pro_DepthCam/lib/python3.10/site-packages/yahboom_M3Pro_DepthCam
[2.146s] copying /home/jetson/yahboomcar_ws/src/yahboom_M3Pro_DepthCam/build/yahboom_M3Pro_DepthCam/build/lib/yahboom_M3Pro_DepthCam/__init__.py -> /home/jetson/yahboomcar_ws/src/yahboom_M3Pro_DepthCam/install/yahboom_M3Pro_DepthCam/lib/python3.10/site-packages/yahboom_M3Pro_DepthCam
[2.146s] copying /home/jetson/yahboomcar_ws/src/yahboom_M3Pro_DepthCam/build/yahboom_M3Pro_DepthCam/build/lib/yahboom_M3Pro_DepthCam/Measure_Distance.py -> /home/jetson/yahboomcar_ws/src/yahboom_M3Pro_DepthCam/install/yahboom_M3Pro_DepthCam/lib/python3.10/site-packages/yahboom_M3Pro_DepthCam
[2.146s] copying /home/jetson/yahboomcar_ws/src/yahboom_M3Pro_DepthCam/build/yahboom_M3Pro_DepthCam/build/lib/yahboom_M3Pro_DepthCam/Edge_Detection.py -> /home/jetson/yahboomcar_ws/src/yahboom_M3Pro_DepthCam/install/yahboom_M3Pro_DepthCam/lib/python3.10/site-packages/yahboom_M3Pro_DepthCam
[2.148s] byte-compiling /home/jetson/yahboomcar_ws/src/yahboom_M3Pro_DepthCam/install/yahboom_M3Pro_DepthCam/lib/python3.10/site-packages/yahboom_M3Pro_DepthCam/GetDepthColor.py to GetDepthColor.cpython-310.pyc
[2.148s] byte-compiling /home/jetson/yahboomcar_ws/src/yahboom_M3Pro_DepthCam/install/yahboom_M3Pro_DepthCam/lib/python3.10/site-packages/yahboom_M3Pro_DepthCam/__init__.py to __init__.cpython-310.pyc
[2.149s] byte-compiling /home/jetson/yahboomcar_ws/src/yahboom_M3Pro_DepthCam/install/yahboom_M3Pro_DepthCam/lib/python3.10/site-packages/yahboom_M3Pro_DepthCam/Measure_Distance.py to Measure_Distance.cpython-310.pyc
[2.150s] byte-compiling /home/jetson/yahboomcar_ws/src/yahboom_M3Pro_DepthCam/install/yahboom_M3Pro_DepthCam/lib/python3.10/site-packages/yahboom_M3Pro_DepthCam/Edge_Detection.py to Edge_Detection.cpython-310.pyc
[2.151s] running install_data
[2.151s] creating /home/jetson/yahboomcar_ws/src/yahboom_M3Pro_DepthCam/install/yahboom_M3Pro_DepthCam/share/ament_index
[2.151s] creating /home/jetson/yahboomcar_ws/src/yahboom_M3Pro_DepthCam/install/yahboom_M3Pro_DepthCam/share/ament_index/resource_index
[2.151s] creating /home/jetson/yahboomcar_ws/src/yahboom_M3Pro_DepthCam/install/yahboom_M3Pro_DepthCam/share/ament_index/resource_index/packages
[2.151s] copying resource/yahboom_M3Pro_DepthCam -> /home/jetson/yahboomcar_ws/src/yahboom_M3Pro_DepthCam/install/yahboom_M3Pro_DepthCam/share/ament_index/resource_index/packages
[2.151s] copying package.xml -> /home/jetson/yahboomcar_ws/src/yahboom_M3Pro_DepthCam/install/yahboom_M3Pro_DepthCam/share/yahboom_M3Pro_DepthCam
[2.151s] running install_egg_info
[2.155s] Copying build/yahboom_M3Pro_DepthCam/yahboom_M3Pro_DepthCam.egg-info to /home/jetson/yahboomcar_ws/src/yahboom_M3Pro_DepthCam/install/yahboom_M3Pro_DepthCam/lib/python3.10/site-packages/yahboom_M3Pro_DepthCam-0.0.0-py3.10.egg-info
[2.157s] running install_scripts
[2.195s] Installing GetDepthColor script to /home/jetson/yahboomcar_ws/src/yahboom_M3Pro_DepthCam/install/yahboom_M3Pro_DepthCam/lib/yahboom_M3Pro_DepthCam
[2.195s] Installing Measure_Distance script to /home/jetson/yahboomcar_ws/src/yahboom_M3Pro_DepthCam/install/yahboom_M3Pro_DepthCam/lib/yahboom_M3Pro_DepthCam
[2.195s] Installing edge_detection script to /home/jetson/yahboomcar_ws/src/yahboom_M3Pro_DepthCam/install/yahboom_M3Pro_DepthCam/lib/yahboom_M3Pro_DepthCam
[2.196s] writing list of installed files to '/home/jetson/yahboomcar_ws/src/yahboom_M3Pro_DepthCam/build/yahboom_M3Pro_DepthCam/install.log'
[2.249s] Invoked command in '/home/jetson/yahboomcar_ws/src/yahboom_M3Pro_DepthCam' returned '0': PYTHONPATH=/home/jetson/yahboomcar_ws/src/yahboom_M3Pro_DepthCam/build/yahboom_M3Pro_DepthCam/prefix_override:/usr/lib/python3/dist-packages/colcon_core/task/python/colcon_distutils_commands:/home/jetson/yahboomcar_ws/src/yahboom_M3Pro_DepthCam/install/yahboom_M3Pro_DepthCam/lib/python3.10/site-packages:${PYTHONPATH} /usr/bin/python3 -W ignore:setup.py install is deprecated -W ignore:easy_install command is deprecated setup.py egg_info --egg-base build/yahboom_M3Pro_DepthCam build --build-base /home/jetson/yahboomcar_ws/src/yahboom_M3Pro_DepthCam/build/yahboom_M3Pro_DepthCam/build install --record /home/jetson/yahboomcar_ws/src/yahboom_M3Pro_DepthCam/build/yahboom_M3Pro_DepthCam/install.log --single-version-externally-managed install_data
